>>> Script python: /d/anaconda/python.exe
>>> Script seed: 2026
>>> Script pred_len: 192
>>> Script macro_pretrain_path: ./checkpoints/Hi-CSA-PretrainedMacroMoE/ETTh1/sl96_pl96_exp_raw_seasonal_lam005_g015/macro_pretrained_bank.pth
>>> Script macro mode: semantic_moe + seasonal_fourier_linear
>>> Script MoE: experts=4 | top_k=2 | seasonal_top_k=8 | router_temperature=1.0 | finetune=all
>>> Using device: cuda:0
>>> Loading Data...
>>> Split: ett | Train samples: 8353 | Val samples: 2689 | Test samples: 2689
>>> Initializing Model: Hi-CSA pretrained semantic Macro MoE...
>>> Macro MoE V2: experts=4 | top_k=2 | seasonal_top_k=8 | router_temperature=1.0 | gamma_init=0.01 | gamma_max=0.1 | proj_init=random | fusion=residual | cross_heads=12 | cross_memory=aggregate | cross_gamma_max=0.1 | output_residual=False | raw_residual=seasonal_fourier_linear | raw_gamma_max=0.8 | micro_attn_layers=0 | micro_attn_heads=12 | micro_attn_gamma_max=0.2 | adapters=True | residual_mode=feature | micro_only=False
>>> Load pretrained macro bank: ./checkpoints/Hi-CSA-PretrainedMacroMoE/ETTh1/sl96_pl96_exp_raw_seasonal_lam005_g015/macro_pretrained_bank.pth
Traceback (most recent call last):
  File "C:\Users\Admin\Desktop\Hi-CSA-core\run_pretrained_macro_moe.py", line 783, in <module>
    main()
    ~~~~^^
  File "C:\Users\Admin\Desktop\Hi-CSA-core\run_pretrained_macro_moe.py", line 524, in main
    pretrain_macro_experts(model, train_dataset, args, device, save_path)
    ~~~~~~~~~~~~~~~~~~~~~~^^^^^^^^^^^^^^^^^^^^^^^^^^^^^^^^^^^^^^^^^^^^^^^
  File "C:\Users\Admin\Desktop\Hi-CSA-core\run_pretrained_macro_moe.py", line 314, in pretrain_macro_experts
    model.macro_moe.load_state_dict(bank["macro_moe_state"])
    ~~~~~~~~~~~~~~~~~~~~~~~~~~~~~~~^^^^^^^^^^^^^^^^^^^^^^^^^
  File "D:\anaconda\Lib\site-packages\torch\nn\modules\module.py", line 2624, in load_state_dict
    raise RuntimeError(
    ...<3 lines>...
    )
RuntimeError: Error(s) in loading state_dict for PretrainedMacroSeedMoE:
	size mismatch for seed_tokens: copying a param with shape torch.Size([4, 96, 24]) from checkpoint, the shape in current model is torch.Size([4, 96, 32]).
	size mismatch for router.router.0.weight: copying a param with shape torch.Size([96]) from checkpoint, the shape in current model is torch.Size([128]).
	size mismatch for router.router.0.bias: copying a param with shape torch.Size([96]) from checkpoint, the shape in current model is torch.Size([128]).
	size mismatch for router.router.1.weight: copying a param with shape torch.Size([48, 96]) from checkpoint, the shape in current model is torch.Size([64, 128]).
	size mismatch for router.router.1.bias: copying a param with shape torch.Size([48]) from checkpoint, the shape in current model is torch.Size([64]).
	size mismatch for router.router.4.weight: copying a param with shape torch.Size([4, 48]) from checkpoint, the shape in current model is torch.Size([4, 64]).
	size mismatch for experts.2.channel_log_scale: copying a param with shape torch.Size([1, 1, 24]) from checkpoint, the shape in current model is torch.Size([1, 1, 32]).
	size mismatch for experts.2.proj.0.weight: copying a param with shape torch.Size([24]) from checkpoint, the shape in current model is torch.Size([32]).
	size mismatch for experts.2.proj.0.bias: copying a param with shape torch.Size([24]) from checkpoint, the shape in current model is torch.Size([32]).
	size mismatch for experts.2.proj.1.weight: copying a param with shape torch.Size([48, 24]) from checkpoint, the shape in current model is torch.Size([64, 32]).
	size mismatch for experts.2.proj.1.bias: copying a param with shape torch.Size([48]) from checkpoint, the shape in current model is torch.Size([64]).
	size mismatch for experts.2.proj.4.weight: copying a param with shape torch.Size([24, 48]) from checkpoint, the shape in current model is torch.Size([32, 64]).
	size mismatch for experts.2.proj.4.bias: copying a param with shape torch.Size([24]) from checkpoint, the shape in current model is torch.Size([32]).
	size mismatch for experts.3.local_state.weight: copying a param with shape torch.Size([24, 1, 5]) from checkpoint, the shape in current model is torch.Size([32, 1, 5]).
	size mismatch for experts.3.local_state.bias: copying a param with shape torch.Size([24]) from checkpoint, the shape in current model is torch.Size([32]).
	size mismatch for experts.3.regime_gate.0.weight: copying a param with shape torch.Size([24]) from checkpoint, the shape in current model is torch.Size([32]).
	size mismatch for experts.3.regime_gate.0.bias: copying a param with shape torch.Size([24]) from checkpoint, the shape in current model is torch.Size([32]).
	size mismatch for experts.3.regime_gate.1.weight: copying a param with shape torch.Size([48, 24]) from checkpoint, the shape in current model is torch.Size([64, 32]).
	size mismatch for experts.3.regime_gate.1.bias: copying a param with shape torch.Size([48]) from checkpoint, the shape in current model is torch.Size([64]).
	size mismatch for experts.3.regime_gate.4.weight: copying a param with shape torch.Size([24, 48]) from checkpoint, the shape in current model is torch.Size([32, 64]).
	size mismatch for experts.3.regime_gate.4.bias: copying a param with shape torch.Size([24]) from checkpoint, the shape in current model is torch.Size([32]).
	size mismatch for experts.3.proj.0.weight: copying a param with shape torch.Size([24]) from checkpoint, the shape in current model is torch.Size([32]).
	size mismatch for experts.3.proj.0.bias: copying a param with shape torch.Size([24]) from checkpoint, the shape in current model is torch.Size([32]).
	size mismatch for experts.3.proj.1.weight: copying a param with shape torch.Size([48, 24]) from checkpoint, the shape in current model is torch.Size([64, 32]).
	size mismatch for experts.3.proj.1.bias: copying a param with shape torch.Size([48]) from checkpoint, the shape in current model is torch.Size([64]).
	size mismatch for experts.3.proj.4.weight: copying a param with shape torch.Size([24, 48]) from checkpoint, the shape in current model is torch.Size([32, 64]).
	size mismatch for experts.3.proj.4.bias: copying a param with shape torch.Size([24]) from checkpoint, the shape in current model is torch.Size([32]).
	size mismatch for expert_adapters.0.0.weight: copying a param with shape torch.Size([24]) from checkpoint, the shape in current model is torch.Size([32]).
	size mismatch for expert_adapters.0.0.bias: copying a param with shape torch.Size([24]) from checkpoint, the shape in current model is torch.Size([32]).
	size mismatch for expert_adapters.0.1.weight: copying a param with shape torch.Size([24, 24]) from checkpoint, the shape in current model is torch.Size([32, 32]).
	size mismatch for expert_adapters.0.1.bias: copying a param with shape torch.Size([24]) from checkpoint, the shape in current model is torch.Size([32]).
	size mismatch for expert_adapters.1.0.weight: copying a param with shape torch.Size([24]) from checkpoint, the shape in current model is torch.Size([32]).
	size mismatch for expert_adapters.1.0.bias: copying a param with shape torch.Size([24]) from checkpoint, the shape in current model is torch.Size([32]).
	size mismatch for expert_adapters.1.1.weight: copying a param with shape torch.Size([24, 24]) from checkpoint, the shape in current model is torch.Size([32, 32]).
	size mismatch for expert_adapters.1.1.bias: copying a param with shape torch.Size([24]) from checkpoint, the shape in current model is torch.Size([32]).
	size mismatch for expert_adapters.2.0.weight: copying a param with shape torch.Size([24]) from checkpoint, the shape in current model is torch.Size([32]).
	size mismatch for expert_adapters.2.0.bias: copying a param with shape torch.Size([24]) from checkpoint, the shape in current model is torch.Size([32]).
	size mismatch for expert_adapters.2.1.weight: copying a param with shape torch.Size([24, 24]) from checkpoint, the shape in current model is torch.Size([32, 32]).
	size mismatch for expert_adapters.2.1.bias: copying a param with shape torch.Size([24]) from checkpoint, the shape in current model is torch.Size([32]).
	size mismatch for expert_adapters.3.0.weight: copying a param with shape torch.Size([24]) from checkpoint, the shape in current model is torch.Size([32]).
	size mismatch for expert_adapters.3.0.bias: copying a param with shape torch.Size([24]) from checkpoint, the shape in current model is torch.Size([32]).
	size mismatch for expert_adapters.3.1.weight: copying a param with shape torch.Size([24, 24]) from checkpoint, the shape in current model is torch.Size([32, 32]).
	size mismatch for expert_adapters.3.1.bias: copying a param with shape torch.Size([24]) from checkpoint, the shape in current model is torch.Size([32]).
	size mismatch for macro_proj.0.weight: copying a param with shape torch.Size([24]) from checkpoint, the shape in current model is torch.Size([32]).
	size mismatch for macro_proj.0.bias: copying a param with shape torch.Size([24]) from checkpoint, the shape in current model is torch.Size([32]).
	size mismatch for macro_proj.1.weight: copying a param with shape torch.Size([24, 24]) from checkpoint, the shape in current model is torch.Size([32, 32]).
	size mismatch for macro_proj.1.bias: copying a param with shape torch.Size([24]) from checkpoint, the shape in current model is torch.Size([32]).
